<?xml version="1.0" encoding="UTF-8"?>
<!-- Generated by org.testng.reporters.JUnitReportReporter -->
<testsuite skipped="0" hostname="YP1009324LT" name="com.orange.testcases.LoginPageTest" tests="3" failures="0" timestamp="2020-05-03T09:51:18 IST" time="44.488" errors="0">
  <testcase name="testPageLogoPresence" time="10.152" classname="com.orange.testcases.LoginPageTest"/>
  <system-out/>
  <testcase name="testPageTitle" time="16.257" classname="com.orange.testcases.LoginPageTest"/>
  <system-out/>
  <testcase name="testLoginFunctionality" time="18.079" classname="com.orange.testcases.LoginPageTest"/>
  <system-out/>
</testsuite> <!-- com.orange.testcases.LoginPageTest -->
