<?xml version="1.0" encoding="UTF-8"?>
<!-- Generated by org.testng.reporters.JUnitReportReporter -->
<testsuite skipped="0" hostname="YP1009324LT" name="com.orange.testcases.HomePageTest2" tests="1" failures="0" timestamp="2020-05-18T15:46:23 IST" time="27.336" errors="0">
  <testcase name="test_test1" time="27.336" classname="com.orange.testcases.HomePageTest2"/>
  <system-out/>
</testsuite> <!-- com.orange.testcases.HomePageTest2 -->
