<?xml version="1.0" encoding="UTF-8"?>
<!-- Generated by org.testng.reporters.JUnitReportReporter -->
<testsuite skipped="0" hostname="YP1009324LT" name="com.orange.testcases.PIM_EmployeeListTest" tests="1" failures="0" timestamp="2020-06-14T22:16:21 IST" time="146.585" errors="1">
  <testcase name="test_checkEmpId" time="146.585" classname="com.orange.testcases.PIM_EmployeeListTest">
    <error type="java.lang.RuntimeException" message="Expected condition failed: waiting for visibility of Proxy element for: DefaultElementLocator &#039;By.xpath: //span[text()=&#039;Should be within Min/Max values&#039;]&#039; (tried for 50 second(s) with 500 milliseconds interval)">
      <![CDATA[java.lang.RuntimeException: Expected condition failed: waiting for visibility of Proxy element for: DefaultElementLocator 'By.xpath: //span[text()='Should be within Min/Max values']' (tried for 50 second(s) with 500 milliseconds interval)
at com.orange.base.CommonFunctions.waitForElement(CommonFunctions.java:803)
at com.orange.pages.PIM_EmployeeList.minMaxValidationMsgVisibility(PIM_EmployeeList.java:125)
at com.orange.testcases.PIM_EmployeeListTest.test_checkEmpId(PIM_EmployeeListTest.java:65)
at sun.reflect.NativeMethodAccessorImpl.invoke0(Native Method)
at sun.reflect.NativeMethodAccessorImpl.invoke(Unknown Source)
at sun.reflect.DelegatingMethodAccessorImpl.invoke(Unknown Source)
at java.lang.reflect.Method.invoke(Unknown Source)
at org.testng.internal.MethodInvocationHelper.invokeMethod(MethodInvocationHelper.java:135)
at org.testng.internal.TestInvoker.invokeMethod(TestInvoker.java:598)
at org.testng.internal.TestInvoker.invokeTestMethod(TestInvoker.java:174)
at org.testng.internal.MethodRunner.runInSequence(MethodRunner.java:46)
at org.testng.internal.TestInvoker$MethodInvocationAgent.invoke(TestInvoker.java:821)
at org.testng.internal.TestInvoker.invokeTestMethods(TestInvoker.java:147)
at org.testng.internal.TestMethodWorker.invokeTestMethods(TestMethodWorker.java:146)
at org.testng.internal.TestMethodWorker.run(TestMethodWorker.java:128)
at java.util.concurrent.ThreadPoolExecutor.runWorker(Unknown Source)
at java.util.concurrent.ThreadPoolExecutor$Worker.run(Unknown Source)
at java.lang.Thread.run(Unknown Source)
]]>
    </error>
  </testcase> <!-- test_checkEmpId -->
  <system-out/>
</testsuite> <!-- com.orange.testcases.PIM_EmployeeListTest -->
