<?xml version="1.0" encoding="UTF-8"?>
<!-- Generated by org.testng.reporters.JUnitReportReporter -->
<testsuite skipped="0" hostname="YP1009324LT" name="com.orange.testcases.AdminPageTest" tests="2" failures="0" timestamp="2020-05-23T20:06:35 IST" time="76.145" errors="0">
  <testcase name="test_visiblityOfAdminSubTabs" time="41.188" classname="com.orange.testcases.AdminPageTest"/>
  <system-out/>
  <testcase name="test_searchAdmin" time="34.957" classname="com.orange.testcases.AdminPageTest"/>
  <system-out/>
</testsuite> <!-- com.orange.testcases.AdminPageTest -->
