<?xml version="1.0" encoding="UTF-8"?>
<!-- Generated by org.testng.reporters.JUnitReportReporter -->
<testsuite skipped="0" hostname="YP1009324LT" name="com.orange.testcases.HomePageTest" tests="1" failures="0" timestamp="2020-05-23T20:09:13 IST" time="27.349" errors="0">
  <testcase name="test_dashboard" time="27.349" classname="com.orange.testcases.HomePageTest"/>
  <system-out/>
</testsuite> <!-- com.orange.testcases.HomePageTest -->
